[debug] [2026-05-18T08:23:15.242Z] ----------------------------------------------------------------------
[debug] [2026-05-18T08:23:15.246Z] Command:       /opt/homebrew/Cellar/node/26.0.0/bin/node /opt/homebrew/bin/firebase init
[debug] [2026-05-18T08:23:15.246Z] CLI Version:   15.18.0
[debug] [2026-05-18T08:23:15.246Z] Platform:      darwin
[debug] [2026-05-18T08:23:15.246Z] Node Version:  v26.0.0
[debug] [2026-05-18T08:23:15.246Z] Time:          Mon May 18 2026 10:23:15 GMT+0200 (Central European Summer Time)
[debug] [2026-05-18T08:23:15.246Z] ----------------------------------------------------------------------
[debug] 
[info] 
     ######## #### ########  ######## ########     ###     ######  ########
     ##        ##  ##     ## ##       ##     ##  ##   ##  ##       ##
     ######    ##  ########  ######   ########  #########  ######  ######
     ##        ##  ##    ##  ##       ##     ## ##     ##       ## ##
     ##       #### ##     ## ######## ########  ##     ##  ######  ########

You're about to initialize a Firebase project in this directory:

  /Users/bengt.haag/Documents/Developer/android/helpdesk_chat_app

[info] 
=== Project Setup
[info] 
[info] First, let's associate this project directory with a Firebase project.
[info] You can create multiple project aliases by running firebase use --add, 
[info] 
[debug] [2026-05-18T08:23:28.511Z] > command requires scopes: ["email","openid","https://www.googleapis.com/auth/cloudplatformprojects.readonly","https://www.googleapis.com/auth/firebase","https://www.googleapis.com/auth/cloud-platform"]
[debug] [2026-05-18T08:23:28.512Z] > authorizing via signed-in user (jonas.haag123@gmail.com)
[debug] [2026-05-18T08:23:28.522Z] Checked if tokens are valid: true, expires at: 1779096183529
[debug] [2026-05-18T08:23:28.522Z] Checked if tokens are valid: true, expires at: 1779096183529
[debug] [2026-05-18T08:23:28.528Z] >>> [apiv2][query] GET https://firebase.googleapis.com/v1beta1/availableProjects pageSize=100
[debug] [2026-05-18T08:23:29.183Z] <<< [apiv2][status] GET https://firebase.googleapis.com/v1beta1/availableProjects 200
[debug] [2026-05-18T08:23:29.184Z] <<< [apiv2][body] GET https://firebase.googleapis.com/v1beta1/availableProjects [omitted]
